#
# There is insufficient memory for the Java Runtime Environment to continue.
# Native memory allocation (malloc) failed to allocate 801520 bytes. Error detail: Chunk::new
# Possible reasons:
#   The system is out of physical RAM or swap space
#   This process is running with CompressedOops enabled, and the Java Heap may be blocking the growth of the native heap
# Possible solutions:
#   Reduce memory load on the system
#   Increase physical memory or swap space
#   Check if swap backing store is full
#   Decrease Java heap size (-Xmx/-Xms)
#   Decrease number of Java threads
#   Decrease Java thread stack sizes (-Xss)
#   Set larger code cache with -XX:ReservedCodeCacheSize=
#   JVM is running with Unscaled Compressed Oops mode in which the Java heap is
#     placed in the first 4GB address space. The Java Heap base address is the
#     maximum limit for the native heap growth. Please use -XX:HeapBaseMinAddress
#     to set the Java Heap base and to place the Java Heap above 4GB virtual address.
# This output file may be truncated or incomplete.
#
#  Out of Memory Error (arena.cpp:168), pid=10932, tid=2988
#
# JRE version: OpenJDK Runtime Environment (21.0.4) (build 21.0.4+-12508038-b607.1)
# Java VM: OpenJDK 64-Bit Server VM (21.0.4+-12508038-b607.1, mixed mode, tiered, compressed oops, compressed class ptrs, g1 gc, windows-amd64)
# No core dump will be written. Minidumps are not enabled by default on client versions of Windows
#

---------------  S U M M A R Y ------------

Command Line: --add-opens=java.base/java.util=ALL-UNNAMED --add-opens=java.base/java.lang=ALL-UNNAMED --add-opens=java.base/java.lang.invoke=ALL-UNNAMED --add-opens=java.prefs/java.util.prefs=ALL-UNNAMED --add-exports=jdk.compiler/com.sun.tools.javac.api=ALL-UNNAMED --add-exports=jdk.compiler/com.sun.tools.javac.util=ALL-UNNAMED --add-opens=java.base/java.nio.charset=ALL-UNNAMED --add-opens=java.base/java.net=ALL-UNNAMED --add-opens=java.base/java.util.concurrent.atomic=ALL-UNNAMED -Xmx2048m -Dfile.encoding=UTF-8 -Duser.country=BR -Duser.language=pt -Duser.variant -javaagent:C:\Users\iarle\.gradle\wrapper\dists\gradle-8.10.2-bin\a04bxjujx95o3nb99gddekhwo\gradle-8.10.2\lib\agents\gradle-instrumentation-agent-8.10.2.jar org.gradle.launcher.daemon.bootstrap.GradleDaemon 8.10.2

Host: Intel(R) Core(TM) i5-3570 CPU @ 3.40GHz, 4 cores, 7G,  Windows 11 , 64 bit Build 22621 (10.0.22621.4391)
Time: Wed Feb  5 16:49:56 2025 Hora oficial do Brasil elapsed time: 24.859220 seconds (0d 0h 0m 24s)

---------------  T H R E A D  ---------------

Current thread (0x00000184987c7290):  JavaThread "C2 CompilerThread0" daemon [_thread_in_native, id=2988, stack(0x00000065cb900000,0x00000065cba00000) (1024K)]


Current CompileTask:
C2:  24859 6146       4       java.util.jar.JarFile::getManifest (5 bytes)

Stack: [0x00000065cb900000,0x00000065cba00000]
Native frames: (J=compiled Java code, j=interpreted, Vv=VM code, C=native code)
V  [jvm.dll+0x6ce539]
V  [jvm.dll+0x85bf03]
V  [jvm.dll+0x85e45e]
V  [jvm.dll+0x85eb43]
V  [jvm.dll+0x27dd06]
V  [jvm.dll+0xbf9cd]
V  [jvm.dll+0xbff03]
V  [jvm.dll+0x3b4deb]
V  [jvm.dll+0x380f07]
V  [jvm.dll+0x38037a]
V  [jvm.dll+0x2473f2]
V  [jvm.dll+0x2469c1]
V  [jvm.dll+0x1c58a4]
V  [jvm.dll+0x255fec]
V  [jvm.dll+0x254536]
V  [jvm.dll+0x3efab6]
V  [jvm.dll+0x804418]
V  [jvm.dll+0x6cce0d]
C  [ucrtbase.dll+0x29333]
C  [KERNEL32.DLL+0x1259d]
C  [ntdll.dll+0x5af38]


---------------  P R O C E S S  ---------------

Threads class SMR info:
_java_thread_list=0x00000184a0dc1010, length=46, elements={
0x00000184ffb8b500, 0x00000184987ad7a0, 0x00000184987ae5c0, 0x00000184987aff60,
0x00000184987badc0, 0x00000184987c5e90, 0x00000184987c6500, 0x00000184987c7290,
0x00000184987d5250, 0x0000018498860640, 0x000001849d071d60, 0x000001849e72a240,
0x000001849e7405d0, 0x000001849d492370, 0x000001849dc3bb80, 0x000001849dc3c1f0,
0x000001849d4bb190, 0x000001849d4bb800, 0x000001849d0b9440, 0x000001849dc2bfc0,
0x000001849dc29860, 0x000001849dc28b40, 0x000001849dc2ac10, 0x000001849dc29ef0,
0x000001849dc2b930, 0x000001849dc2b2a0, 0x000001849f09d6b0, 0x000001849f09d020,
0x000001849f09fe10, 0x000001849f09dd40, 0x000001849f09e3d0, 0x000001849f09f780,
0x000001849f09ea60, 0x000001849f0a04a0, 0x00000184a04ff9d0, 0x00000184a04fb830,
0x00000184a04fd270, 0x00000184a04fecb0, 0x00000184a04fd900, 0x00000184a04fc550,
0x00000184a04fcbe0, 0x00000184a0501410, 0x00000184a0502130, 0x00000184a0500060,
0x00000184a0501aa0, 0x00000184a04fb1a0
}

Java Threads: ( => current thread )
  0x00000184ffb8b500 JavaThread "main"                              [_thread_blocked, id=10620, stack(0x00000065cab00000,0x00000065cac00000) (1024K)]
  0x00000184987ad7a0 JavaThread "Reference Handler"          daemon [_thread_blocked, id=1488, stack(0x00000065cb300000,0x00000065cb400000) (1024K)]
  0x00000184987ae5c0 JavaThread "Finalizer"                  daemon [_thread_blocked, id=9152, stack(0x00000065cb400000,0x00000065cb500000) (1024K)]
  0x00000184987aff60 JavaThread "Signal Dispatcher"          daemon [_thread_blocked, id=4304, stack(0x00000065cb500000,0x00000065cb600000) (1024K)]
  0x00000184987badc0 JavaThread "Attach Listener"            daemon [_thread_blocked, id=12100, stack(0x00000065cb600000,0x00000065cb700000) (1024K)]
  0x00000184987c5e90 JavaThread "Service Thread"             daemon [_thread_blocked, id=11520, stack(0x00000065cb700000,0x00000065cb800000) (1024K)]
  0x00000184987c6500 JavaThread "Monitor Deflation Thread"   daemon [_thread_blocked, id=14020, stack(0x00000065cb800000,0x00000065cb900000) (1024K)]
=>0x00000184987c7290 JavaThread "C2 CompilerThread0"         daemon [_thread_in_native, id=2988, stack(0x00000065cb900000,0x00000065cba00000) (1024K)]
  0x00000184987d5250 JavaThread "C1 CompilerThread0"         daemon [_thread_blocked, id=8212, stack(0x00000065cba00000,0x00000065cbb00000) (1024K)]
  0x0000018498860640 JavaThread "Common-Cleaner"             daemon [_thread_blocked, id=6136, stack(0x00000065cbb00000,0x00000065cbc00000) (1024K)]
  0x000001849d071d60 JavaThread "Notification Thread"        daemon [_thread_blocked, id=7372, stack(0x00000065cbc00000,0x00000065cbd00000) (1024K)]
  0x000001849e72a240 JavaThread "Daemon health stats"               [_thread_blocked, id=4552, stack(0x00000065cbd00000,0x00000065cbe00000) (1024K)]
  0x000001849e7405d0 JavaThread "Incoming local TCP Connector on port 60502"        [_thread_in_native, id=10692, stack(0x00000065cc100000,0x00000065cc200000) (1024K)]
  0x000001849d492370 JavaThread "Daemon periodic checks"            [_thread_blocked, id=6736, stack(0x00000065cc200000,0x00000065cc300000) (1024K)]
  0x000001849dc3bb80 JavaThread "Daemon"                            [_thread_blocked, id=2556, stack(0x00000065cc300000,0x00000065cc400000) (1024K)]
  0x000001849dc3c1f0 JavaThread "Handler for socket connection from /127.0.0.1:60502 to /127.0.0.1:60503"        [_thread_in_native, id=11124, stack(0x00000065cc400000,0x00000065cc500000) (1024K)]
  0x000001849d4bb190 JavaThread "Cancel handler"                    [_thread_blocked, id=13684, stack(0x00000065cc500000,0x00000065cc600000) (1024K)]
  0x000001849d4bb800 JavaThread "Daemon worker"                     [_thread_in_Java, id=11768, stack(0x00000065cc600000,0x00000065cc700000) (1024K)]
  0x000001849d0b9440 JavaThread "Asynchronous log dispatcher for DefaultDaemonConnection: socket connection from /127.0.0.1:60502 to /127.0.0.1:60503"        [_thread_blocked, id=224, stack(0x00000065cc700000,0x00000065cc800000) (1024K)]
  0x000001849dc2bfc0 JavaThread "Stdin handler"                     [_thread_blocked, id=12156, stack(0x00000065cc800000,0x00000065cc900000) (1024K)]
  0x000001849dc29860 JavaThread "Daemon client event forwarder"        [_thread_blocked, id=5996, stack(0x00000065cc900000,0x00000065cca00000) (1024K)]
  0x000001849dc28b40 JavaThread "Cache worker for journal cache (C:\Users\iarle\.gradle\caches\journal-1)"        [_thread_blocked, id=8712, stack(0x00000065cca00000,0x00000065ccb00000) (1024K)]
  0x000001849dc2ac10 JavaThread "File lock request listener"        [_thread_in_native, id=2676, stack(0x00000065ccb00000,0x00000065ccc00000) (1024K)]
  0x000001849dc29ef0 JavaThread "Cache worker for file hash cache (C:\Users\iarle\.gradle\caches\8.10.2\fileHashes)"        [_thread_blocked, id=3048, stack(0x00000065ccc00000,0x00000065ccd00000) (1024K)]
  0x000001849dc2b930 JavaThread "Cache worker for file hash cache (C:\Users\iarle\AndroidStudioProjects\aplicativoProjeto\.gradle\8.10.2\fileHashes)"        [_thread_blocked, id=10040, stack(0x00000065cce00000,0x00000065ccf00000) (1024K)]
  0x000001849dc2b2a0 JavaThread "Cache worker for Build Output Cleanup Cache (C:\Users\iarle\AndroidStudioProjects\aplicativoProjeto\.gradle\buildOutputCleanup)"        [_thread_blocked, id=8808, stack(0x00000065ccf00000,0x00000065cd000000) (1024K)]
  0x000001849f09d6b0 JavaThread "File watcher server"        daemon [_thread_in_native, id=8032, stack(0x00000065cd000000,0x00000065cd100000) (1024K)]
  0x000001849f09d020 JavaThread "File watcher consumer"      daemon [_thread_blocked, id=7476, stack(0x00000065cd100000,0x00000065cd200000) (1024K)]
  0x000001849f09fe10 JavaThread "jar transforms"                    [_thread_blocked, id=13812, stack(0x00000065cd200000,0x00000065cd300000) (1024K)]
  0x000001849f09dd40 JavaThread "jar transforms Thread 2"           [_thread_blocked, id=10804, stack(0x00000065cd300000,0x00000065cd400000) (1024K)]
  0x000001849f09e3d0 JavaThread "jar transforms Thread 3"           [_thread_blocked, id=8580, stack(0x00000065cd400000,0x00000065cd500000) (1024K)]
  0x000001849f09f780 JavaThread "jar transforms Thread 4"           [_thread_blocked, id=8044, stack(0x00000065cd500000,0x00000065cd600000) (1024K)]
  0x000001849f09ea60 JavaThread "Cache worker for checksums cache (C:\Users\iarle\AndroidStudioProjects\aplicativoProjeto\.gradle\8.10.2\checksums)"        [_thread_blocked, id=5740, stack(0x00000065ccd00000,0x00000065cce00000) (1024K)]
  0x000001849f0a04a0 JavaThread "Cache worker for file content cache (C:\Users\iarle\.gradle\caches\8.10.2\fileContent)"        [_thread_blocked, id=1900, stack(0x00000065cd600000,0x00000065cd700000) (1024K)]
  0x00000184a04ff9d0 JavaThread "Cache worker for cache directory md-rule (C:\Users\iarle\.gradle\caches\8.10.2\md-rule)"        [_thread_blocked, id=3144, stack(0x00000065cd700000,0x00000065cd800000) (1024K)]
  0x00000184a04fb830 JavaThread "Cache worker for cache directory md-supplier (C:\Users\iarle\.gradle\caches\8.10.2\md-supplier)"        [_thread_blocked, id=11504, stack(0x00000065cd800000,0x00000065cd900000) (1024K)]
  0x00000184a04fd270 JavaThread "Unconstrained build operations"        [_thread_blocked, id=14092, stack(0x00000065cd900000,0x00000065cda00000) (1024K)]
  0x00000184a04fecb0 JavaThread "Unconstrained build operations Thread 2"        [_thread_blocked, id=11236, stack(0x00000065cda00000,0x00000065cdb00000) (1024K)]
  0x00000184a04fd900 JavaThread "Unconstrained build operations Thread 3"        [_thread_blocked, id=11084, stack(0x00000065cdb00000,0x00000065cdc00000) (1024K)]
  0x00000184a04fc550 JavaThread "Unconstrained build operations Thread 4"        [_thread_blocked, id=880, stack(0x00000065cdc00000,0x00000065cdd00000) (1024K)]
  0x00000184a04fcbe0 JavaThread "Unconstrained build operations Thread 5"        [_thread_blocked, id=8984, stack(0x00000065cde00000,0x00000065cdf00000) (1024K)]
  0x00000184a0501410 JavaThread "Unconstrained build operations Thread 6"        [_thread_blocked, id=9840, stack(0x00000065cdf00000,0x00000065ce000000) (1024K)]
  0x00000184a0502130 JavaThread "Unconstrained build operations Thread 7"        [_thread_blocked, id=9276, stack(0x00000065ce000000,0x00000065ce100000) (1024K)]
  0x00000184a0500060 JavaThread "Unconstrained build operations Thread 8"        [_thread_blocked, id=7312, stack(0x00000065ce100000,0x00000065ce200000) (1024K)]
  0x00000184a0501aa0 JavaThread "Unconstrained build operations Thread 9"        [_thread_blocked, id=11976, stack(0x00000065ce200000,0x00000065ce300000) (1024K)]
  0x00000184a04fb1a0 JavaThread "Unconstrained build operations Thread 10"        [_thread_blocked, id=3280, stack(0x00000065ce300000,0x00000065ce400000) (1024K)]
Total: 46

Other Threads:
  0x00000184ff67e780 VMThread "VM Thread"                           [id=11120, stack(0x00000065cb200000,0x00000065cb300000) (1024K)]
  0x00000184985a4550 WatcherThread "VM Periodic Task Thread"        [id=7316, stack(0x00000065cb100000,0x00000065cb200000) (1024K)]
  0x00000184ff67dca0 WorkerThread "GC Thread#0"                     [id=6680, stack(0x00000065cac00000,0x00000065cad00000) (1024K)]
  0x00000184ff67d1c0 WorkerThread "GC Thread#1"                     [id=8380, stack(0x00000065cbe00000,0x00000065cbf00000) (1024K)]
  0x00000184ff67d560 WorkerThread "GC Thread#2"                     [id=5084, stack(0x00000065cbf00000,0x00000065cc000000) (1024K)]
  0x000001849db8caf0 WorkerThread "GC Thread#3"                     [id=740, stack(0x00000065cc000000,0x00000065cc100000) (1024K)]
  0x00000184ffbf50b0 ConcurrentGCThread "G1 Main Marker"            [id=4624, stack(0x00000065cad00000,0x00000065cae00000) (1024K)]
  0x00000184ff67e040 WorkerThread "G1 Conc#0"                       [id=2520, stack(0x00000065cae00000,0x00000065caf00000) (1024K)]
  0x000001849846a470 ConcurrentGCThread "G1 Refine#0"               [id=11292, stack(0x00000065caf00000,0x00000065cb000000) (1024K)]
  0x000001849846aef0 ConcurrentGCThread "G1 Service"                [id=8880, stack(0x00000065cb000000,0x00000065cb100000) (1024K)]
Total: 10

Threads with active compile tasks:
C2 CompilerThread0    24909 6146       4       java.util.jar.JarFile::getManifest (5 bytes)
Total: 1

VM state: not at safepoint (normal execution)

VM Mutex/Monitor currently owned by a thread: None

Heap address: 0x0000000080000000, size: 2048 MB, Compressed Oops mode: 32-bit

CDS archive(s) not mapped
Compressed class space mapped at: 0x0000000100000000-0x0000000140000000, reserved size: 1073741824
Narrow klass base: 0x0000000000000000, Narrow klass shift: 3, Narrow klass range: 0x140000000

GC Precious Log:
 CardTable entry size: 512
 Card Set container configuration: InlinePtr #cards 5 size 8 Array Of Cards #cards 12 size 40 Howl #buckets 4 coarsen threshold 1843 Howl Bitmap #cards 512 size 80 coarsen threshold 460 Card regions per heap region 1 cards per card region 2048
 CPUs: 4 total, 4 available
 Memory: 8153M
 Large Page Support: Disabled
 NUMA Support: Disabled
 Compressed Oops: Enabled (32-bit)
 Heap Region Size: 1M
 Heap Min Capacity: 8M
 Heap Initial Capacity: 128M
 Heap Max Capacity: 2G
 Pre-touch: Disabled
 Parallel Workers: 4
 Concurrent Workers: 1
 Concurrent Refinement Workers: 4
 Periodic GC: Disabled

Heap:
 garbage-first heap   total 103424K, used 77722K [0x0000000080000000, 0x0000000100000000)
  region size 1024K, 10 young (10240K), 5 survivors (5120K)
 Metaspace       used 58829K, committed 60416K, reserved 1114112K
  class space    used 7837K, committed 8640K, reserved 1048576K

Heap Regions: E=young(eden), S=young(survivor), O=old, HS=humongous(starts), HC=humongous(continues), CS=collection set, F=free, TAMS=top-at-mark-start, PB=parsable bottom
|   0|0x0000000080000000, 0x0000000080100000, 0x0000000080100000|100%|HS|  |TAMS 0x0000000080000000| PB 0x0000000080000000| Complete 
|   1|0x0000000080100000, 0x0000000080200000, 0x0000000080200000|100%|HC|  |TAMS 0x0000000080100000| PB 0x0000000080100000| Complete 
|   2|0x0000000080200000, 0x0000000080300000, 0x0000000080300000|100%|HC|  |TAMS 0x0000000080200000| PB 0x0000000080200000| Complete 
|   3|0x0000000080300000, 0x0000000080400000, 0x0000000080400000|100%|HC|  |TAMS 0x0000000080300000| PB 0x0000000080300000| Complete 
|   4|0x0000000080400000, 0x0000000080500000, 0x0000000080500000|100%| O|  |TAMS 0x0000000080400000| PB 0x0000000080400000| Untracked 
|   5|0x0000000080500000, 0x0000000080600000, 0x0000000080600000|100%| O|  |TAMS 0x0000000080500000| PB 0x0000000080500000| Untracked 
|   6|0x0000000080600000, 0x0000000080700000, 0x0000000080700000|100%| O|  |TAMS 0x0000000080600000| PB 0x0000000080600000| Untracked 
|   7|0x0000000080700000, 0x0000000080800000, 0x0000000080800000|100%|HS|  |TAMS 0x0000000080700000| PB 0x0000000080700000| Complete 
|   8|0x0000000080800000, 0x0000000080900000, 0x0000000080900000|100%| O|  |TAMS 0x0000000080800000| PB 0x0000000080800000| Untracked 
|   9|0x0000000080900000, 0x0000000080a00000, 0x0000000080a00000|100%| O|  |TAMS 0x0000000080900000| PB 0x0000000080900000| Untracked 
|  10|0x0000000080a00000, 0x0000000080b00000, 0x0000000080b00000|100%| O|  |TAMS 0x0000000080a00000| PB 0x0000000080a00000| Untracked 
|  11|0x0000000080b00000, 0x0000000080c00000, 0x0000000080c00000|100%| O|  |TAMS 0x0000000080b00000| PB 0x0000000080b00000| Untracked 
|  12|0x0000000080c00000, 0x0000000080d00000, 0x0000000080d00000|100%| O|  |TAMS 0x0000000080c00000| PB 0x0000000080c00000| Untracked 
|  13|0x0000000080d00000, 0x0000000080e00000, 0x0000000080e00000|100%| O|  |TAMS 0x0000000080d00000| PB 0x0000000080d00000| Untracked 
|  14|0x0000000080e00000, 0x0000000080f00000, 0x0000000080f00000|100%| O|  |TAMS 0x0000000080e00000| PB 0x0000000080e00000| Untracked 
|  15|0x0000000080f00000, 0x0000000081000000, 0x0000000081000000|100%| O|  |TAMS 0x0000000080f00000| PB 0x0000000080f00000| Untracked 
|  16|0x0000000081000000, 0x0000000081100000, 0x0000000081100000|100%| O|  |TAMS 0x0000000081000000| PB 0x0000000081000000| Untracked 
|  17|0x0000000081100000, 0x0000000081200000, 0x0000000081200000|100%| O|  |TAMS 0x0000000081100000| PB 0x0000000081100000| Untracked 
|  18|0x0000000081200000, 0x0000000081300000, 0x0000000081300000|100%| O|  |TAMS 0x0000000081200000| PB 0x0000000081200000| Untracked 
|  19|0x0000000081300000, 0x0000000081400000, 0x0000000081400000|100%| O|  |TAMS 0x0000000081300000| PB 0x0000000081300000| Untracked 
|  20|0x0000000081400000, 0x0000000081500000, 0x0000000081500000|100%| O|  |TAMS 0x0000000081400000| PB 0x0000000081400000| Untracked 
|  21|0x0000000081500000, 0x0000000081600000, 0x0000000081600000|100%|HS|  |TAMS 0x0000000081500000| PB 0x0000000081500000| Complete 
|  22|0x0000000081600000, 0x0000000081700000, 0x0000000081700000|100%|HC|  |TAMS 0x0000000081600000| PB 0x0000000081600000| Complete 
|  23|0x0000000081700000, 0x0000000081800000, 0x0000000081800000|100%|HC|  |TAMS 0x0000000081700000| PB 0x0000000081700000| Complete 
|  24|0x0000000081800000, 0x0000000081900000, 0x0000000081900000|100%|HC|  |TAMS 0x0000000081800000| PB 0x0000000081800000| Complete 
|  25|0x0000000081900000, 0x0000000081a00000, 0x0000000081a00000|100%|HC|  |TAMS 0x0000000081900000| PB 0x0000000081900000| Complete 
|  26|0x0000000081a00000, 0x0000000081b00000, 0x0000000081b00000|100%|HC|  |TAMS 0x0000000081a00000| PB 0x0000000081a00000| Complete 
|  27|0x0000000081b00000, 0x0000000081c00000, 0x0000000081c00000|100%| O|  |TAMS 0x0000000081b00000| PB 0x0000000081b00000| Untracked 
|  28|0x0000000081c00000, 0x0000000081d00000, 0x0000000081d00000|100%| O|  |TAMS 0x0000000081c00000| PB 0x0000000081c00000| Untracked 
|  29|0x0000000081d00000, 0x0000000081e00000, 0x0000000081e00000|100%|HS|  |TAMS 0x0000000081d00000| PB 0x0000000081d00000| Complete 
|  30|0x0000000081e00000, 0x0000000081f00000, 0x0000000081f00000|100%|HC|  |TAMS 0x0000000081e00000| PB 0x0000000081e00000| Complete 
|  31|0x0000000081f00000, 0x0000000082000000, 0x0000000082000000|100%|HC|  |TAMS 0x0000000081f00000| PB 0x0000000081f00000| Complete 
|  32|0x0000000082000000, 0x0000000082100000, 0x0000000082100000|100%|HS|  |TAMS 0x0000000082000000| PB 0x0000000082000000| Complete 
|  33|0x0000000082100000, 0x0000000082200000, 0x0000000082200000|100%|HC|  |TAMS 0x0000000082100000| PB 0x0000000082100000| Complete 
|  34|0x0000000082200000, 0x0000000082300000, 0x0000000082300000|100%|HS|  |TAMS 0x0000000082200000| PB 0x0000000082200000| Complete 
|  35|0x0000000082300000, 0x0000000082400000, 0x0000000082400000|100%| O|  |TAMS 0x0000000082300000| PB 0x0000000082300000| Untracked 
|  36|0x0000000082400000, 0x0000000082500000, 0x0000000082500000|100%| O|Cm|TAMS 0x0000000082400000| PB 0x0000000082400000| Complete 
|  37|0x0000000082500000, 0x0000000082600000, 0x0000000082600000|100%| O|  |TAMS 0x0000000082500000| PB 0x0000000082500000| Untracked 
|  38|0x0000000082600000, 0x0000000082700000, 0x0000000082700000|100%| O|  |TAMS 0x0000000082600000| PB 0x0000000082600000| Untracked 
|  39|0x0000000082700000, 0x00000000827e6840, 0x0000000082800000| 90%| O|  |TAMS 0x0000000082700000| PB 0x0000000082700000| Untracked 
|  40|0x0000000082800000, 0x0000000082900000, 0x0000000082900000|100%| O|  |TAMS 0x0000000082800000| PB 0x0000000082800000| Untracked 
|  41|0x0000000082900000, 0x0000000082a00000, 0x0000000082a00000|100%| O|  |TAMS 0x0000000082900000| PB 0x0000000082900000| Untracked 
|  42|0x0000000082a00000, 0x0000000082b00000, 0x0000000082b00000|100%| O|  |TAMS 0x0000000082a00000| PB 0x0000000082a00000| Untracked 
|  43|0x0000000082b00000, 0x0000000082c00000, 0x0000000082c00000|100%| O|  |TAMS 0x0000000082b00000| PB 0x0000000082b00000| Untracked 
|  44|0x0000000082c00000, 0x0000000082d00000, 0x0000000082d00000|100%| O|  |TAMS 0x0000000082c00000| PB 0x0000000082c00000| Untracked 
|  45|0x0000000082d00000, 0x0000000082e00000, 0x0000000082e00000|100%| O|  |TAMS 0x0000000082d00000| PB 0x0000000082d00000| Untracked 
|  46|0x0000000082e00000, 0x0000000082f00000, 0x0000000082f00000|100%| O|  |TAMS 0x0000000082e00000| PB 0x0000000082e00000| Untracked 
|  47|0x0000000082f00000, 0x0000000083000000, 0x0000000083000000|100%|HS|  |TAMS 0x0000000082f00000| PB 0x0000000082f00000| Complete 
|  48|0x0000000083000000, 0x0000000083100000, 0x0000000083100000|100%|HC|  |TAMS 0x0000000083000000| PB 0x0000000083000000| Complete 
|  49|0x0000000083100000, 0x0000000083200000, 0x0000000083200000|100%| O|  |TAMS 0x0000000083100000| PB 0x0000000083100000| Untracked 
|  50|0x0000000083200000, 0x0000000083300000, 0x0000000083300000|100%| O|  |TAMS 0x0000000083200000| PB 0x0000000083200000| Untracked 
|  51|0x0000000083300000, 0x0000000083400000, 0x0000000083400000|100%| O|  |TAMS 0x0000000083300000| PB 0x0000000083300000| Untracked 
|  52|0x0000000083400000, 0x0000000083500000, 0x0000000083500000|100%| O|  |TAMS 0x0000000083400000| PB 0x0000000083400000| Untracked 
|  53|0x0000000083500000, 0x0000000083600000, 0x0000000083600000|100%|HS|  |TAMS 0x0000000083500000| PB 0x0000000083500000| Complete 
|  54|0x0000000083600000, 0x0000000083700000, 0x0000000083700000|100%|HC|  |TAMS 0x0000000083600000| PB 0x0000000083600000| Complete 
|  55|0x0000000083700000, 0x0000000083800000, 0x0000000083800000|100%|HC|  |TAMS 0x0000000083700000| PB 0x0000000083700000| Complete 
|  56|0x0000000083800000, 0x0000000083900000, 0x0000000083900000|100%|HC|  |TAMS 0x0000000083800000| PB 0x0000000083800000| Complete 
|  57|0x0000000083900000, 0x0000000083a00000, 0x0000000083a00000|100%|HC|  |TAMS 0x0000000083900000| PB 0x0000000083900000| Complete 
|  58|0x0000000083a00000, 0x0000000083b00000, 0x0000000083b00000|100%|HC|  |TAMS 0x0000000083a00000| PB 0x0000000083a00000| Complete 
|  59|0x0000000083b00000, 0x0000000083c00000, 0x0000000083c00000|100%|HS|  |TAMS 0x0000000083b00000| PB 0x0000000083b00000| Complete 
|  60|0x0000000083c00000, 0x0000000083d00000, 0x0000000083d00000|100%|HC|  |TAMS 0x0000000083c00000| PB 0x0000000083c00000| Complete 
|  61|0x0000000083d00000, 0x0000000083e00000, 0x0000000083e00000|100%|HC|  |TAMS 0x0000000083d00000| PB 0x0000000083d00000| Complete 
|  62|0x0000000083e00000, 0x0000000083f00000, 0x0000000083f00000|100%|HC|  |TAMS 0x0000000083e00000| PB 0x0000000083e00000| Complete 
|  63|0x0000000083f00000, 0x0000000084000000, 0x0000000084000000|100%|HC|  |TAMS 0x0000000083f00000| PB 0x0000000083f00000| Complete 
|  64|0x0000000084000000, 0x0000000084100000, 0x0000000084100000|100%|HC|  |TAMS 0x0000000084000000| PB 0x0000000084000000| Complete 
|  65|0x0000000084100000, 0x0000000084100000, 0x0000000084200000|  0%| F|  |TAMS 0x0000000084100000| PB 0x0000000084100000| Untracked 
|  66|0x0000000084200000, 0x0000000084200000, 0x0000000084300000|  0%| F|  |TAMS 0x0000000084200000| PB 0x0000000084200000| Untracked 
|  67|0x0000000084300000, 0x0000000084300000, 0x0000000084400000|  0%| F|  |TAMS 0x0000000084300000| PB 0x0000000084300000| Untracked 
|  68|0x0000000084400000, 0x0000000084400000, 0x0000000084500000|  0%| F|  |TAMS 0x0000000084400000| PB 0x0000000084400000| Untracked 
|  69|0x0000000084500000, 0x0000000084500000, 0x0000000084600000|  0%| F|  |TAMS 0x0000000084500000| PB 0x0000000084500000| Untracked 
|  70|0x0000000084600000, 0x0000000084600000, 0x0000000084700000|  0%| F|  |TAMS 0x0000000084600000| PB 0x0000000084600000| Untracked 
|  71|0x0000000084700000, 0x0000000084700000, 0x0000000084800000|  0%| F|  |TAMS 0x0000000084700000| PB 0x0000000084700000| Untracked 
|  72|0x0000000084800000, 0x0000000084800000, 0x0000000084900000|  0%| F|  |TAMS 0x0000000084800000| PB 0x0000000084800000| Untracked 
|  73|0x0000000084900000, 0x0000000084900000, 0x0000000084a00000|  0%| F|  |TAMS 0x0000000084900000| PB 0x0000000084900000| Untracked 
|  74|0x0000000084a00000, 0x0000000084a00000, 0x0000000084b00000|  0%| F|  |TAMS 0x0000000084a00000| PB 0x0000000084a00000| Untracked 
|  75|0x0000000084b00000, 0x0000000084b00000, 0x0000000084c00000|  0%| F|  |TAMS 0x0000000084b00000| PB 0x0000000084b00000| Untracked 
|  76|0x0000000084c00000, 0x0000000084c00000, 0x0000000084d00000|  0%| F|  |TAMS 0x0000000084c00000| PB 0x0000000084c00000| Untracked 
|  77|0x0000000084d00000, 0x0000000084d00000, 0x0000000084e00000|  0%| F|  |TAMS 0x0000000084d00000| PB 0x0000000084d00000| Untracked 
|  78|0x0000000084e00000, 0x0000000084e00000, 0x0000000084f00000|  0%| F|  |TAMS 0x0000000084e00000| PB 0x0000000084e00000| Untracked 
|  79|0x0000000084f00000, 0x0000000084f00000, 0x0000000085000000|  0%| F|  |TAMS 0x0000000084f00000| PB 0x0000000084f00000| Untracked 
|  80|0x0000000085000000, 0x0000000085000000, 0x0000000085100000|  0%| F|  |TAMS 0x0000000085000000| PB 0x0000000085000000| Untracked 
|  81|0x0000000085100000, 0x0000000085100000, 0x0000000085200000|  0%| F|  |TAMS 0x0000000085100000| PB 0x0000000085100000| Untracked 
|  82|0x0000000085200000, 0x0000000085200000, 0x0000000085300000|  0%| F|  |TAMS 0x0000000085200000| PB 0x0000000085200000| Untracked 
|  83|0x0000000085300000, 0x0000000085300000, 0x0000000085400000|  0%| F|  |TAMS 0x0000000085300000| PB 0x0000000085300000| Untracked 
|  84|0x0000000085400000, 0x0000000085400000, 0x0000000085500000|  0%| F|  |TAMS 0x0000000085400000| PB 0x0000000085400000| Untracked 
|  85|0x0000000085500000, 0x0000000085500000, 0x0000000085600000|  0%| F|  |TAMS 0x0000000085500000| PB 0x0000000085500000| Untracked 
|  86|0x0000000085600000, 0x0000000085600000, 0x0000000085700000|  0%| F|  |TAMS 0x0000000085600000| PB 0x0000000085600000| Untracked 
|  87|0x0000000085700000, 0x0000000085700000, 0x0000000085800000|  0%| F|  |TAMS 0x0000000085700000| PB 0x0000000085700000| Untracked 
|  88|0x0000000085800000, 0x0000000085800000, 0x0000000085900000|  0%| F|  |TAMS 0x0000000085800000| PB 0x0000000085800000| Untracked 
|  89|0x0000000085900000, 0x0000000085980800, 0x0000000085a00000| 50%| E|  |TAMS 0x0000000085900000| PB 0x0000000085900000| Complete 
|  90|0x0000000085a00000, 0x0000000085b00000, 0x0000000085b00000|100%| S|CS|TAMS 0x0000000085a00000| PB 0x0000000085a00000| Complete 
|  91|0x0000000085b00000, 0x0000000085c00000, 0x0000000085c00000|100%| S|CS|TAMS 0x0000000085b00000| PB 0x0000000085b00000| Complete 
|  92|0x0000000085c00000, 0x0000000085d00000, 0x0000000085d00000|100%| S|CS|TAMS 0x0000000085c00000| PB 0x0000000085c00000| Complete 
|  93|0x0000000085d00000, 0x0000000085e00000, 0x0000000085e00000|100%| S|CS|TAMS 0x0000000085d00000| PB 0x0000000085d00000| Complete 
|  94|0x0000000085e00000, 0x0000000085f00000, 0x0000000085f00000|100%| S|CS|TAMS 0x0000000085e00000| PB 0x0000000085e00000| Complete 
| 117|0x0000000087500000, 0x0000000087600000, 0x0000000087600000|100%| E|CS|TAMS 0x0000000087500000| PB 0x0000000087500000| Complete 
| 118|0x0000000087600000, 0x0000000087700000, 0x0000000087700000|100%| E|CS|TAMS 0x0000000087600000| PB 0x0000000087600000| Complete 
| 127|0x0000000087f00000, 0x0000000088000000, 0x0000000088000000|100%| E|CS|TAMS 0x0000000087f00000| PB 0x0000000087f00000| Complete 
|2045|0x00000000ffd00000, 0x00000000ffe00000, 0x00000000ffe00000|100%| O|  |TAMS 0x00000000ffd00000| PB 0x00000000ffd00000| Untracked 
|2046|0x00000000ffe00000, 0x00000000fff00000, 0x00000000fff00000|100%| E|CS|TAMS 0x00000000ffe00000| PB 0x00000000ffe00000| Complete 
|2047|0x00000000fff00000, 0x0000000100000000, 0x0000000100000000|100%| O|  |TAMS 0x00000000fff00000| PB 0x00000000fff00000| Untracked 

Card table byte_map: [0x0000018493bc0000,0x0000018493fc0000] _byte_map_base: 0x00000184937c0000

Marking Bits: (CMBitMap*) 0x00000184ffbe4660
 Bits: [0x0000018493fc0000, 0x0000018495fc0000)

Polling page: 0x00000184ff640000

Metaspace:

Usage:
  Non-class:     49.80 MB used.
      Class:      7.66 MB used.
       Both:     57.46 MB used.

Virtual space:
  Non-class space:       64.00 MB reserved,      50.56 MB ( 79%) committed,  1 nodes.
      Class space:        1.00 GB reserved,       8.44 MB ( <1%) committed,  1 nodes.
             Both:        1.06 GB reserved,      59.00 MB (  5%) committed. 

Chunk freelists:
   Non-Class:  12.63 MB
       Class:  7.41 MB
        Both:  20.04 MB

MaxMetaspaceSize: unlimited
CompressedClassSpaceSize: 1.00 GB
Initial GC threshold: 21.00 MB
Current GC threshold: 94.31 MB
CDS: off
 - commit_granule_bytes: 65536.
 - commit_granule_words: 8192.
 - virtual_space_node_default_size: 8388608.
 - enlarge_chunks_in_place: 1.
 - use_allocation_guard: 0.


Internal statistics:

num_allocs_failed_limit: 6.
num_arena_births: 2854.
num_arena_deaths: 0.
num_vsnodes_births: 2.
num_vsnodes_deaths: 0.
num_space_committed: 944.
num_space_uncommitted: 0.
num_chunks_returned_to_freelist: 6.
num_chunks_taken_from_freelist: 5208.
num_chunk_merges: 6.
num_chunk_splits: 3324.
num_chunks_enlarged: 2009.
num_inconsistent_stats: 0.

CodeHeap 'non-profiled nmethods': size=120000Kb used=2685Kb max_used=2685Kb free=117314Kb
 bounds [0x000001848bf60000, 0x000001848c200000, 0x0000018493490000]
CodeHeap 'profiled nmethods': size=120000Kb used=10445Kb max_used=10445Kb free=109554Kb
 bounds [0x0000018484490000, 0x0000018484ed0000, 0x000001848b9c0000]
CodeHeap 'non-nmethods': size=5760Kb used=2696Kb max_used=2728Kb free=3063Kb
 bounds [0x000001848b9c0000, 0x000001848bc80000, 0x000001848bf60000]
 total_blobs=6285 nmethods=5433 adapters=755
 compilation: enabled
              stopped_count=0, restarted_count=0
 full_count=0

Compilation events (20 events):
Event: 24.736 Thread 0x00000184987d5250 6138       3       org.gradle.internal.instantiation.generator.DependencyInjectingInstantiator::verifyParameters (175 bytes)
Event: 24.737 Thread 0x00000184987d5250 nmethod 6138 0x0000018484ebdc90 code [0x0000018484ebdfe0, 0x0000018484ebf1c8]
Event: 24.746 Thread 0x00000184987c7290 nmethod 6129 0x000001848c1fa090 code [0x000001848c1fa300, 0x000001848c1fb4e8]
Event: 24.746 Thread 0x00000184987c7290 6137       4       org.objectweb.asm.Frame::push (109 bytes)
Event: 24.747 Thread 0x00000184987d5250 6140       3       org.gradle.internal.instantiation.generator.AsmBackedClassGenerator$ClassBuilderImpl::access$1600 (4 bytes)
Event: 24.747 Thread 0x00000184987d5250 nmethod 6140 0x0000018484ebf890 code [0x0000018484ebfa20, 0x0000018484ebfb18]
Event: 24.750 Thread 0x00000184987c7290 nmethod 6137 0x000001848c1fbe90 code [0x000001848c1fc040, 0x000001848c1fc698]
Event: 24.750 Thread 0x00000184987c7290 6141       4       org.objectweb.asm.ByteVector::put12 (64 bytes)
Event: 24.751 Thread 0x00000184987c7290 nmethod 6141 0x000001848c1fc890 code [0x000001848c1fca20, 0x000001848c1fcc10]
Event: 24.751 Thread 0x00000184987c7290 6139       4       java.security.SecureClassLoader$CodeSourceKey::equals (60 bytes)
Event: 24.751 Thread 0x00000184987d5250 6142       3       org.gradle.internal.service.DefaultServiceRegistry::serviceRequested (42 bytes)
Event: 24.753 Thread 0x00000184987d5250 nmethod 6142 0x0000018484ebfb90 code [0x0000018484ebff60, 0x0000018484ec17a0]
Event: 24.753 Thread 0x00000184987d5250 6143       3       org.gradle.internal.service.DefaultServiceRegistry::noLongerMutable (15 bytes)
Event: 24.753 Thread 0x00000184987d5250 nmethod 6143 0x0000018484ec2090 code [0x0000018484ec2340, 0x0000018484ec2fe0]
Event: 24.753 Thread 0x00000184987c7290 nmethod 6139 0x000001848c1fcd90 code [0x000001848c1fcf40, 0x000001848c1fd238]
Event: 24.753 Thread 0x00000184987c7290 6144       4       org.gradle.internal.service.DefaultServiceRegistry$OwnServices::getService (317 bytes)
Event: 24.767 Thread 0x00000184987c7290 nmethod 6144 0x000001848c1fd490 code [0x000001848c1fd740, 0x000001848c1fe390]
Event: 24.786 Thread 0x00000184987c7290 6145       4       java.lang.String::regionMatches (150 bytes)
Event: 24.789 Thread 0x00000184987c7290 nmethod 6145 0x000001848c1fee10 code [0x000001848c1fefc0, 0x000001848c1ff348]
Event: 24.839 Thread 0x00000184987c7290 6146       4       java.util.jar.JarFile::getManifest (5 bytes)

GC Heap History (20 events):
Event: 9.196 GC heap before
{Heap before GC invocations=5 (full 0):
 garbage-first heap   total 75776K, used 64260K [0x0000000080000000, 0x0000000100000000)
  region size 1024K, 44 young (45056K), 2 survivors (2048K)
 Metaspace       used 28503K, committed 29120K, reserved 1114112K
  class space    used 3574K, committed 3840K, reserved 1048576K
}
Event: 9.200 GC heap after
{Heap after GC invocations=6 (full 0):
 garbage-first heap   total 75776K, used 22901K [0x0000000080000000, 0x0000000100000000)
  region size 1024K, 4 young (4096K), 4 survivors (4096K)
 Metaspace       used 28503K, committed 29120K, reserved 1114112K
  class space    used 3574K, committed 3840K, reserved 1048576K
}
Event: 9.809 GC heap before
{Heap before GC invocations=6 (full 0):
 garbage-first heap   total 75776K, used 56693K [0x0000000080000000, 0x0000000100000000)
  region size 1024K, 37 young (37888K), 4 survivors (4096K)
 Metaspace       used 33037K, committed 33856K, reserved 1114112K
  class space    used 4340K, committed 4736K, reserved 1048576K
}
Event: 9.814 GC heap after
{Heap after GC invocations=7 (full 0):
 garbage-first heap   total 75776K, used 25515K [0x0000000080000000, 0x0000000100000000)
  region size 1024K, 5 young (5120K), 5 survivors (5120K)
 Metaspace       used 33037K, committed 33856K, reserved 1114112K
  class space    used 4340K, committed 4736K, reserved 1048576K
}
Event: 10.138 GC heap before
{Heap before GC invocations=7 (full 0):
 garbage-first heap   total 75776K, used 44971K [0x0000000080000000, 0x0000000100000000)
  region size 1024K, 19 young (19456K), 5 survivors (5120K)
 Metaspace       used 35091K, committed 35968K, reserved 1114112K
  class space    used 4696K, committed 5120K, reserved 1048576K
}
Event: 10.144 GC heap after
{Heap after GC invocations=8 (full 0):
 garbage-first heap   total 75776K, used 33885K [0x0000000080000000, 0x0000000100000000)
  region size 1024K, 5 young (5120K), 5 survivors (5120K)
 Metaspace       used 35091K, committed 35968K, reserved 1114112K
  class space    used 4696K, committed 5120K, reserved 1048576K
}
Event: 11.172 GC heap before
{Heap before GC invocations=9 (full 0):
 garbage-first heap   total 75776K, used 67677K [0x0000000080000000, 0x0000000100000000)
  region size 1024K, 33 young (33792K), 5 survivors (5120K)
 Metaspace       used 38431K, committed 39360K, reserved 1114112K
  class space    used 5218K, committed 5696K, reserved 1048576K
}
Event: 11.178 GC heap after
{Heap after GC invocations=10 (full 0):
 garbage-first heap   total 77824K, used 43023K [0x0000000080000000, 0x0000000100000000)
  region size 1024K, 5 young (5120K), 5 survivors (5120K)
 Metaspace       used 38431K, committed 39360K, reserved 1114112K
  class space    used 5218K, committed 5696K, reserved 1048576K
}
Event: 11.555 GC heap before
{Heap before GC invocations=10 (full 0):
 garbage-first heap   total 77824K, used 66575K [0x0000000080000000, 0x0000000100000000)
  region size 1024K, 28 young (28672K), 5 survivors (5120K)
 Metaspace       used 41275K, committed 42496K, reserved 1114112K
  class space    used 5700K, committed 6336K, reserved 1048576K
}
Event: 11.561 GC heap after
{Heap after GC invocations=11 (full 0):
 garbage-first heap   total 77824K, used 45245K [0x0000000080000000, 0x0000000100000000)
  region size 1024K, 2 young (2048K), 2 survivors (2048K)
 Metaspace       used 41275K, committed 42496K, reserved 1114112K
  class space    used 5700K, committed 6336K, reserved 1048576K
}
Event: 12.039 GC heap before
{Heap before GC invocations=11 (full 0):
 garbage-first heap   total 77824K, used 67773K [0x0000000080000000, 0x0000000100000000)
  region size 1024K, 25 young (25600K), 2 survivors (2048K)
 Metaspace       used 45150K, committed 46528K, reserved 1114112K
  class space    used 6231K, committed 6912K, reserved 1048576K
}
Event: 12.044 GC heap after
{Heap after GC invocations=12 (full 0):
 garbage-first heap   total 97280K, used 46987K [0x0000000080000000, 0x0000000100000000)
  region size 1024K, 4 young (4096K), 4 survivors (4096K)
 Metaspace       used 45150K, committed 46528K, reserved 1114112K
  class space    used 6231K, committed 6912K, reserved 1048576K
}
Event: 12.621 GC heap before
{Heap before GC invocations=13 (full 0):
 garbage-first heap   total 97280K, used 79755K [0x0000000080000000, 0x0000000100000000)
  region size 1024K, 37 young (37888K), 4 survivors (4096K)
 Metaspace       used 49294K, committed 50624K, reserved 1114112K
  class space    used 6657K, committed 7296K, reserved 1048576K
}
Event: 12.627 GC heap after
{Heap after GC invocations=14 (full 0):
 garbage-first heap   total 97280K, used 51024K [0x0000000080000000, 0x0000000100000000)
  region size 1024K, 5 young (5120K), 5 survivors (5120K)
 Metaspace       used 49294K, committed 50624K, reserved 1114112K
  class space    used 6657K, committed 7296K, reserved 1048576K
}
Event: 13.212 GC heap before
{Heap before GC invocations=14 (full 0):
 garbage-first heap   total 97280K, used 88912K [0x0000000080000000, 0x0000000100000000)
  region size 1024K, 37 young (37888K), 5 survivors (5120K)
 Metaspace       used 53463K, committed 54976K, reserved 1114112K
  class space    used 7182K, committed 7936K, reserved 1048576K
}
Event: 13.218 GC heap after
{Heap after GC invocations=15 (full 0):
 garbage-first heap   total 98304K, used 53511K [0x0000000080000000, 0x0000000100000000)
  region size 1024K, 3 young (3072K), 3 survivors (3072K)
 Metaspace       used 53463K, committed 54976K, reserved 1114112K
  class space    used 7182K, committed 7936K, reserved 1048576K
}
Event: 16.325 GC heap before
{Heap before GC invocations=15 (full 0):
 garbage-first heap   total 98304K, used 77063K [0x0000000080000000, 0x0000000100000000)
  region size 1024K, 27 young (27648K), 3 survivors (3072K)
 Metaspace       used 56179K, committed 57664K, reserved 1114112K
  class space    used 7631K, committed 8384K, reserved 1048576K
}
Event: 16.335 GC heap after
{Heap after GC invocations=16 (full 0):
 garbage-first heap   total 98304K, used 54933K [0x0000000080000000, 0x0000000100000000)
  region size 1024K, 2 young (2048K), 2 survivors (2048K)
 Metaspace       used 56179K, committed 57664K, reserved 1114112K
  class space    used 7631K, committed 8384K, reserved 1048576K
}
Event: 24.468 GC heap before
{Heap before GC invocations=17 (full 0):
 garbage-first heap   total 98304K, used 95893K [0x0000000080000000, 0x0000000100000000)
  region size 1024K, 27 young (27648K), 2 survivors (2048K)
 Metaspace       used 58280K, committed 59840K, reserved 1114112K
  class space    used 7755K, committed 8512K, reserved 1048576K
}
Event: 24.473 GC heap after
{Heap after GC invocations=18 (full 0):
 garbage-first heap   total 103424K, used 73626K [0x0000000080000000, 0x0000000100000000)
  region size 1024K, 5 young (5120K), 5 survivors (5120K)
 Metaspace       used 58280K, committed 59840K, reserved 1114112K
  class space    used 7755K, committed 8512K, reserved 1048576K
}

Dll operation events (3 events):
Event: 0.011 Loaded shared library C:\Program Files\Android\Android Studio\jbr\bin\java.dll
Event: 0.018 Loaded shared library C:\Program Files\Android\Android Studio\jbr\bin\zip.dll
Event: 0.941 Loaded shared library C:\Program Files\Android\Android Studio\jbr\bin\verify.dll

Deoptimization events (20 events):
Event: 21.397 Thread 0x000001849dc29ef0 DEOPT PACKING pc=0x0000018484b30b41 sp=0x00000065cccfe140
Event: 21.397 Thread 0x000001849dc29ef0 DEOPT UNPACKING pc=0x000001848ba14e42 sp=0x00000065cccfd5c8 mode 0
Event: 21.448 Thread 0x000001849d4bb800 DEOPT PACKING pc=0x00000184849b2b09 sp=0x00000065cc6f82c0
Event: 21.448 Thread 0x000001849d4bb800 DEOPT UNPACKING pc=0x000001848ba14e42 sp=0x00000065cc6f77c0 mode 0
Event: 21.593 Thread 0x000001849d4bb800 Uncommon trap: trap_request=0xffffff45 fr.pc=0x000001848c1b4b44 relative=0x00000000000011e4
Event: 21.593 Thread 0x000001849d4bb800 Uncommon trap: reason=unstable_if action=reinterpret pc=0x000001848c1b4b44 method=java.lang.ClassLoader.postDefineClass(Ljava/lang/Class;Ljava/security/ProtectionDomain;)V @ 17 c2
Event: 21.593 Thread 0x000001849d4bb800 DEOPT PACKING pc=0x000001848c1b4b44 sp=0x00000065cc6f7fd0
Event: 21.593 Thread 0x000001849d4bb800 DEOPT UNPACKING pc=0x000001848ba146a2 sp=0x00000065cc6f7fd0 mode 2
Event: 21.593 Thread 0x000001849d4bb800 Uncommon trap: trap_request=0xffffff45 fr.pc=0x000001848c1a7620 relative=0x0000000000005d20
Event: 21.593 Thread 0x000001849d4bb800 Uncommon trap: reason=unstable_if action=reinterpret pc=0x000001848c1a7620 method=java.lang.ClassLoader.loadClass(Ljava/lang/String;Z)Ljava/lang/Class; @ 29 c2
Event: 21.593 Thread 0x000001849d4bb800 DEOPT PACKING pc=0x000001848c1a7620 sp=0x00000065cc6f3eb0
Event: 21.593 Thread 0x000001849d4bb800 DEOPT UNPACKING pc=0x000001848ba146a2 sp=0x00000065cc6f3f38 mode 2
Event: 24.711 Thread 0x000001849d4bb800 Uncommon trap: trap_request=0xffffff45 fr.pc=0x000001848c16bf48 relative=0x0000000000000228
Event: 24.711 Thread 0x000001849d4bb800 Uncommon trap: reason=unstable_if action=reinterpret pc=0x000001848c16bf48 method=java.util.HashMap.putVal(ILjava/lang/Object;Ljava/lang/Object;ZZ)Ljava/lang/Object; @ 162 c2
Event: 24.711 Thread 0x000001849d4bb800 DEOPT PACKING pc=0x000001848c16bf48 sp=0x00000065cc6f9590
Event: 24.711 Thread 0x000001849d4bb800 DEOPT UNPACKING pc=0x000001848ba146a2 sp=0x00000065cc6f94a0 mode 2
Event: 24.744 Thread 0x000001849d4bb800 Uncommon trap: trap_request=0xffffffde fr.pc=0x000001848c109190 relative=0x0000000000000070
Event: 24.744 Thread 0x000001849d4bb800 Uncommon trap: reason=class_check action=maybe_recompile pc=0x000001848c109190 method=java.util.stream.StreamOpFlag.fromCharacteristics(Ljava/util/Spliterator;)I @ 14 c2
Event: 24.744 Thread 0x000001849d4bb800 DEOPT PACKING pc=0x000001848c109190 sp=0x00000065cc6f93c0
Event: 24.744 Thread 0x000001849d4bb800 DEOPT UNPACKING pc=0x000001848ba146a2 sp=0x00000065cc6f9358 mode 2

Classes loaded (20 events):
Event: 17.896 Loading class java/util/concurrent/LinkedBlockingDeque$AbstractItr done
Event: 17.896 Loading class java/util/concurrent/LinkedBlockingDeque$Itr done
Event: 21.576 Loading class java/lang/ClassBeanInfo
Event: 21.576 Loading class java/lang/ClassBeanInfo done
Event: 21.577 Loading class java/lang/ClassBeanInfo
Event: 21.577 Loading class java/lang/ClassBeanInfo done
Event: 21.577 Loading class java/lang/ClassCustomizer
Event: 21.577 Loading class java/lang/ClassCustomizer done
Event: 21.577 Loading class java/lang/ClassCustomizer
Event: 21.577 Loading class java/lang/ClassCustomizer done
Event: 21.581 Loading class sun/reflect/generics/tree/BooleanSignature
Event: 21.581 Loading class sun/reflect/generics/tree/BooleanSignature done
Event: 21.582 Loading class sun/reflect/generics/reflectiveObjects/GenericArrayTypeImpl
Event: 21.582 Loading class sun/reflect/generics/reflectiveObjects/GenericArrayTypeImpl done
Event: 21.586 Loading class jdk/internal/vm/annotation/ForceInline
Event: 21.587 Loading class jdk/internal/vm/annotation/ForceInline done
Event: 24.744 Loading class java/util/BitSet$1BitSetSpliterator
Event: 24.744 Loading class java/util/BitSet$1BitSetSpliterator done
Event: 24.825 Loading class sun/nio/fs/WindowsException
Event: 24.825 Loading class sun/nio/fs/WindowsException done

Classes unloaded (0 events):
No events

Classes redefined (0 events):
No events

Internal exceptions (20 events):
Event: 21.572 Thread 0x000001849d4bb800 Exception <a 'java/lang/ClassNotFoundException'{0x0000000084f065c0}: com/intellij/gradle/toolingExtension/impl/model/utilDummyModel/DummyModelBeanInfo> (0x0000000084f065c0) 
thrown [s\src\hotspot\share\classfile\systemDictionary.cpp, line 312]
Event: 21.572 Thread 0x000001849d4bb800 Exception <a 'java/lang/ClassNotFoundException'{0x0000000084f12060}: com/intellij/gradle/toolingExtension/impl/model/utilDummyModel/DummyModelCustomizer> (0x0000000084f12060) 
thrown [s\src\hotspot\share\classfile\systemDictionary.cpp, line 312]
Event: 21.577 Thread 0x000001849d4bb800 Exception <a 'java/lang/ClassNotFoundException'{0x0000000084f420d8}: java/lang/ClassBeanInfo> (0x0000000084f420d8) 
thrown [s\src\hotspot\share\classfile\systemDictionary.cpp, line 312]
Event: 21.577 Thread 0x000001849d4bb800 Exception <a 'java/lang/ClassNotFoundException'{0x0000000084f4aa88}: java/lang/ClassCustomizer> (0x0000000084f4aa88) 
thrown [s\src\hotspot\share\classfile\systemDictionary.cpp, line 312]
Event: 21.593 Thread 0x000001849d4bb800 Implicit null exception at 0x000001848c1b3ed3 to 0x000001848c1b4b34
Event: 21.599 Thread 0x000001849d4bb800 Exception <a 'java/lang/ClassNotFoundException'{0x0000000084e1f5a0}: org/gradle/tooling/provider/model/internal/DefaultToolingModelBuilderRegistryBeanInfo> (0x0000000084e1f5a0) 
thrown [s\src\hotspot\share\classfile\systemDictionary.cpp, line 312]
Event: 21.600 Thread 0x000001849d4bb800 Exception <a 'java/lang/ClassNotFoundException'{0x0000000084e33d60}: org/gradle/tooling/provider/model/internal/DefaultToolingModelBuilderRegistryCustomizer> (0x0000000084e33d60) 
thrown [s\src\hotspot\share\classfile\systemDictionary.cpp, line 312]
Event: 21.609 Thread 0x000001849d4bb800 Exception <a 'java/lang/ClassNotFoundException'{0x0000000084e96290}: org/gradle/internal/service/ScopedServiceRegistryBeanInfo> (0x0000000084e96290) 
thrown [s\src\hotspot\share\classfile\systemDictionary.cpp, line 312]
Event: 21.628 Thread 0x000001849d4bb800 Exception <a 'java/lang/ClassNotFoundException'{0x0000000084eaa208}: org/gradle/internal/service/DefaultServiceRegistryBeanInfo> (0x0000000084eaa208) 
thrown [s\src\hotspot\share\classfile\systemDictionary.cpp, line 312]
Event: 21.629 Thread 0x000001849d4bb800 Exception <a 'java/lang/ClassNotFoundException'{0x0000000084ebe1a0}: org/gradle/internal/service/DefaultServiceRegistryCustomizer> (0x0000000084ebe1a0) 
thrown [s\src\hotspot\share\classfile\systemDictionary.cpp, line 312]
Event: 21.642 Thread 0x000001849d4bb800 Exception <a 'java/lang/ClassNotFoundException'{0x0000000084ee0728}: org/gradle/internal/service/ScopedServiceRegistryCustomizer> (0x0000000084ee0728) 
thrown [s\src\hotspot\share\classfile\systemDictionary.cpp, line 312]
Event: 21.656 Thread 0x000001849d4bb800 Exception <a 'java/lang/ClassNotFoundException'{0x0000000084d29da8}: org/gradle/internal/extensibility/DefaultConventionBeanInfo> (0x0000000084d29da8) 
thrown [s\src\hotspot\share\classfile\systemDictionary.cpp, line 312]
Event: 21.659 Thread 0x000001849d4bb800 Exception <a 'java/lang/ClassNotFoundException'{0x0000000084d3dd58}: org/gradle/internal/extensibility/DefaultConventionCustomizer> (0x0000000084d3dd58) 
thrown [s\src\hotspot\share\classfile\systemDictionary.cpp, line 312]
Event: 21.710 Thread 0x000001849d4bb800 Exception <a 'java/lang/ClassNotFoundException'{0x0000000084dd4f78}: com/intellij/gradle/toolingExtension/impl/modelBuilder/ExtraModelBuilderBeanInfo> (0x0000000084dd4f78) 
thrown [s\src\hotspot\share\classfile\systemDictionary.cpp, line 312]
Event: 21.711 Thread 0x000001849d4bb800 Exception <a 'java/lang/ClassNotFoundException'{0x0000000084de09f8}: com/intellij/gradle/toolingExtension/impl/modelBuilder/ExtraModelBuilderCustomizer> (0x0000000084de09f8) 
thrown [s\src\hotspot\share\classfile\systemDictionary.cpp, line 312]
Event: 24.749 Thread 0x000001849d4bb800 Exception <a 'java/lang/IncompatibleClassChangeError'{0x00000000876f9e08}: Found class java.lang.Object, but interface was expected> (0x00000000876f9e08) 
thrown [s\src\hotspot\share\interpreter\linkResolver.cpp, line 851]
Event: 24.825 Thread 0x000001849d4bb800 Exception <a 'sun/nio/fs/WindowsException'{0x000000008752e3c0}> (0x000000008752e3c0) 
thrown [s\src\hotspot\share\prims\jni.cpp, line 535]
Event: 24.827 Thread 0x000001849d4bb800 Exception <a 'sun/nio/fs/WindowsException'{0x000000008752fb98}> (0x000000008752fb98) 
thrown [s\src\hotspot\share\prims\jni.cpp, line 535]
Event: 24.827 Thread 0x000001849d4bb800 Exception <a 'sun/nio/fs/WindowsException'{0x0000000087531318}> (0x0000000087531318) 
thrown [s\src\hotspot\share\prims\jni.cpp, line 535]
Event: 24.837 Thread 0x000001849d4bb800 Exception <a 'sun/nio/fs/WindowsException'{0x0000000087532aa8}> (0x0000000087532aa8) 
thrown [s\src\hotspot\share\prims\jni.cpp, line 535]

ZGC Phase Switch (0 events):
No events

VM Operations (20 events):
Event: 16.399 Executing VM operation: G1PauseCleanup
Event: 16.399 Executing VM operation: G1PauseCleanup done
Event: 17.409 Executing VM operation: Cleanup
Event: 17.409 Executing VM operation: Cleanup done
Event: 17.906 Executing VM operation: HandshakeAllThreads (Deoptimize)
Event: 17.906 Executing VM operation: HandshakeAllThreads (Deoptimize) done
Event: 18.905 Executing VM operation: Cleanup
Event: 18.921 Executing VM operation: Cleanup done
Event: 21.604 Executing VM operation: HandshakeAllThreads (Deoptimize)
Event: 21.604 Executing VM operation: HandshakeAllThreads (Deoptimize) done
Event: 21.604 Executing VM operation: Cleanup
Event: 21.605 Executing VM operation: Cleanup done
Event: 22.613 Executing VM operation: Cleanup
Event: 22.613 Executing VM operation: Cleanup done
Event: 23.620 Executing VM operation: Cleanup
Event: 23.620 Executing VM operation: Cleanup done
Event: 24.468 Executing VM operation: G1CollectForAllocation (G1 Evacuation Pause)
Event: 24.473 Executing VM operation: G1CollectForAllocation (G1 Evacuation Pause) done
Event: 24.826 Executing VM operation: HandshakeAllThreads (Deoptimize)
Event: 24.826 Executing VM operation: HandshakeAllThreads (Deoptimize) done

Memory protections (0 events):
No events

Nmethod flushes (20 events):
Event: 16.381 Thread 0x00000184ff67e780 flushing  nmethod 0x0000018484775d90
Event: 16.381 Thread 0x00000184ff67e780 flushing  nmethod 0x0000018484776590
Event: 16.381 Thread 0x00000184ff67e780 flushing  nmethod 0x0000018484777110
Event: 16.381 Thread 0x00000184ff67e780 flushing  nmethod 0x00000184847a8d90
Event: 16.381 Thread 0x00000184ff67e780 flushing  nmethod 0x00000184847ae810
Event: 16.381 Thread 0x00000184ff67e780 flushing  nmethod 0x00000184847d3e90
Event: 16.381 Thread 0x00000184ff67e780 flushing  nmethod 0x00000184847d6210
Event: 16.381 Thread 0x00000184ff67e780 flushing  nmethod 0x0000018484832990
Event: 16.381 Thread 0x00000184ff67e780 flushing  nmethod 0x0000018484878710
Event: 16.381 Thread 0x00000184ff67e780 flushing  nmethod 0x0000018484907610
Event: 16.381 Thread 0x00000184ff67e780 flushing  nmethod 0x0000018484994b10
Event: 16.381 Thread 0x00000184ff67e780 flushing  nmethod 0x0000018484995490
Event: 16.381 Thread 0x00000184ff67e780 flushing  nmethod 0x00000184849d9b90
Event: 16.381 Thread 0x00000184ff67e780 flushing  nmethod 0x00000184849fe310
Event: 16.381 Thread 0x00000184ff67e780 flushing  nmethod 0x0000018484a64990
Event: 16.381 Thread 0x00000184ff67e780 flushing  nmethod 0x0000018484abe810
Event: 16.381 Thread 0x00000184ff67e780 flushing  nmethod 0x0000018484ae4810
Event: 16.381 Thread 0x00000184ff67e780 flushing  nmethod 0x0000018484bc2b10
Event: 16.381 Thread 0x00000184ff67e780 flushing  nmethod 0x0000018484bc3610
Event: 16.381 Thread 0x00000184ff67e780 flushing  nmethod 0x0000018484bc3a90

Events (20 events):
Event: 10.042 Thread 0x000001849d4bb800 Thread added: 0x000001849f09dd40
Event: 10.042 Thread 0x000001849d4bb800 Thread added: 0x000001849f09e3d0
Event: 10.042 Thread 0x000001849d4bb800 Thread added: 0x000001849f09f780
Event: 10.927 Thread 0x000001849eaa0f90 Thread exited: 0x000001849eaa0f90
Event: 11.228 Thread 0x000001849d4bb800 Thread added: 0x000001849f09ea60
Event: 11.261 Thread 0x000001849d4bb800 Thread added: 0x000001849f0a04a0
Event: 11.410 Thread 0x000001849d4bb800 Thread added: 0x00000184a04ff9d0
Event: 11.521 Thread 0x000001849d4bb800 Thread added: 0x00000184a04fb830
Event: 13.653 Thread 0x000001849d4bb800 Thread added: 0x00000184a04fd270
Event: 13.654 Thread 0x000001849d4bb800 Thread added: 0x00000184a04fecb0
Event: 13.709 Thread 0x000001849d4bb800 Thread added: 0x00000184a04fd900
Event: 13.710 Thread 0x000001849d4bb800 Thread added: 0x00000184a04fc550
Event: 16.310 Thread 0x00000184987d5250 Thread added: 0x00000184a08ae080
Event: 16.479 Thread 0x000001849d4bb800 Thread added: 0x00000184a04fcbe0
Event: 16.480 Thread 0x000001849d4bb800 Thread added: 0x00000184a0501410
Event: 16.480 Thread 0x000001849d4bb800 Thread added: 0x00000184a0502130
Event: 16.637 Thread 0x000001849d4bb800 Thread added: 0x00000184a0500060
Event: 16.637 Thread 0x000001849d4bb800 Thread added: 0x00000184a0501aa0
Event: 16.637 Thread 0x000001849d4bb800 Thread added: 0x00000184a04fb1a0
Event: 16.935 Thread 0x00000184a08ae080 Thread exited: 0x00000184a08ae080


Dynamic libraries:
0x00007ff75ad50000 - 0x00007ff75ad5a000 	C:\Program Files\Android\Android Studio\jbr\bin\java.exe
0x00007fff5df30000 - 0x00007fff5e147000 	C:\WINDOWS\SYSTEM32\ntdll.dll
0x00007fff5d650000 - 0x00007fff5d714000 	C:\WINDOWS\System32\KERNEL32.DLL
0x00007fff5b710000 - 0x00007fff5baca000 	C:\WINDOWS\System32\KERNELBASE.dll
0x00007fff5b550000 - 0x00007fff5b661000 	C:\WINDOWS\System32\ucrtbase.dll
0x00007fff570d0000 - 0x00007fff570eb000 	C:\Program Files\Android\Android Studio\jbr\bin\VCRUNTIME140.dll
0x00007fff43310000 - 0x00007fff43328000 	C:\Program Files\Android\Android Studio\jbr\bin\jli.dll
0x00007fff5d3f0000 - 0x00007fff5d59e000 	C:\WINDOWS\System32\USER32.dll
0x00007fff5b1f0000 - 0x00007fff5b216000 	C:\WINDOWS\System32\win32u.dll
0x00007fff5d8c0000 - 0x00007fff5d8e9000 	C:\WINDOWS\System32\GDI32.dll
0x00007fff5bb00000 - 0x00007fff5bc1b000 	C:\WINDOWS\System32\gdi32full.dll
0x00007fff5b670000 - 0x00007fff5b70a000 	C:\WINDOWS\System32\msvcp_win.dll
0x00007fff461a0000 - 0x00007fff46432000 	C:\WINDOWS\WinSxS\amd64_microsoft.windows.common-controls_6595b64144ccf1df_6.0.22621.4541_none_2710d1c57384c085\COMCTL32.dll
0x00007fff5d5a0000 - 0x00007fff5d647000 	C:\WINDOWS\System32\msvcrt.dll
0x00007fff5c1f0000 - 0x00007fff5c221000 	C:\WINDOWS\System32\IMM32.DLL
0x00007fff57670000 - 0x00007fff5767c000 	C:\Program Files\Android\Android Studio\jbr\bin\vcruntime140_1.dll
0x00007fff3bf30000 - 0x00007fff3bfbd000 	C:\Program Files\Android\Android Studio\jbr\bin\msvcp140.dll
0x00007fff26800000 - 0x00007fff27483000 	C:\Program Files\Android\Android Studio\jbr\bin\server\jvm.dll
0x00007fff5be90000 - 0x00007fff5bf42000 	C:\WINDOWS\System32\ADVAPI32.dll
0x00007fff5dd40000 - 0x00007fff5dde7000 	C:\WINDOWS\System32\sechost.dll
0x00007fff5bad0000 - 0x00007fff5baf8000 	C:\WINDOWS\System32\bcrypt.dll
0x00007fff5d720000 - 0x00007fff5d834000 	C:\WINDOWS\System32\RPCRT4.dll
0x00007fff5d840000 - 0x00007fff5d8b1000 	C:\WINDOWS\System32\WS2_32.dll
0x00007fff5a080000 - 0x00007fff5a0cd000 	C:\WINDOWS\SYSTEM32\POWRPROF.dll
0x00007fff57580000 - 0x00007fff575b4000 	C:\WINDOWS\SYSTEM32\WINMM.dll
0x00007fff53620000 - 0x00007fff5362a000 	C:\WINDOWS\SYSTEM32\VERSION.dll
0x00007fff5a060000 - 0x00007fff5a073000 	C:\WINDOWS\SYSTEM32\UMPDC.dll
0x00007fff5a320000 - 0x00007fff5a338000 	C:\WINDOWS\SYSTEM32\kernel.appcore.dll
0x00007fff572e0000 - 0x00007fff572ea000 	C:\Program Files\Android\Android Studio\jbr\bin\jimage.dll
0x00007fff542f0000 - 0x00007fff54522000 	C:\WINDOWS\SYSTEM32\DBGHELP.DLL
0x00007fff5c230000 - 0x00007fff5c5c1000 	C:\WINDOWS\System32\combase.dll
0x00007fff5dbc0000 - 0x00007fff5dc97000 	C:\WINDOWS\System32\OLEAUT32.dll
0x00007fff42000000 - 0x00007fff42032000 	C:\WINDOWS\SYSTEM32\dbgcore.DLL
0x00007fff5b4d0000 - 0x00007fff5b54b000 	C:\WINDOWS\System32\bcryptPrimitives.dll
0x00007fff4e8b0000 - 0x00007fff4e8be000 	C:\Program Files\Android\Android Studio\jbr\bin\instrument.dll
0x00007fff542d0000 - 0x00007fff542f0000 	C:\Program Files\Android\Android Studio\jbr\bin\java.dll
0x00007fff532c0000 - 0x00007fff532d8000 	C:\Program Files\Android\Android Studio\jbr\bin\zip.dll
0x00007fff5c6d0000 - 0x00007fff5cf49000 	C:\WINDOWS\System32\SHELL32.dll
0x00007fff59140000 - 0x00007fff59a49000 	C:\WINDOWS\SYSTEM32\windows.storage.dll
0x00007fff59000000 - 0x00007fff5913f000 	C:\WINDOWS\SYSTEM32\wintypes.dll
0x00007fff5ddf0000 - 0x00007fff5deea000 	C:\WINDOWS\System32\SHCORE.dll
0x00007fff5c5d0000 - 0x00007fff5c62e000 	C:\WINDOWS\System32\shlwapi.dll
0x00007fff5b120000 - 0x00007fff5b14b000 	C:\WINDOWS\SYSTEM32\profapi.dll
0x00007fff57120000 - 0x00007fff57130000 	C:\Program Files\Android\Android Studio\jbr\bin\net.dll
0x00007fff573a0000 - 0x00007fff574d6000 	C:\WINDOWS\SYSTEM32\WINHTTP.dll
0x00007fff5a7a0000 - 0x00007fff5a809000 	C:\WINDOWS\system32\mswsock.dll
0x00007fff532a0000 - 0x00007fff532b6000 	C:\Program Files\Android\Android Studio\jbr\bin\nio.dll
0x00007fff52d60000 - 0x00007fff52d70000 	C:\Program Files\Android\Android Studio\jbr\bin\verify.dll
0x00007fff49ca0000 - 0x00007fff49cc7000 	C:\Users\iarle\.gradle\native\c067742578af261105cb4f569cf0c3c89f3d7b1fecec35dd04571415982c5e48\windows-amd64\native-platform.dll
0x00007fff29bc0000 - 0x00007fff29d04000 	C:\Users\iarle\.gradle\native\100fb08df4bc3b14c8652ba06237920a3bd2aa13389f12d3474272988ae205f9\windows-amd64\native-platform-file-events.dll
0x00007fff53290000 - 0x00007fff53299000 	C:\Program Files\Android\Android Studio\jbr\bin\management.dll
0x00007fff53280000 - 0x00007fff5328b000 	C:\Program Files\Android\Android Studio\jbr\bin\management_ext.dll
0x00007fff5c6a0000 - 0x00007fff5c6a8000 	C:\WINDOWS\System32\PSAPI.DLL
0x00007fff5aa00000 - 0x00007fff5aa1b000 	C:\WINDOWS\SYSTEM32\CRYPTSP.dll
0x00007fff5a280000 - 0x00007fff5a2b5000 	C:\WINDOWS\system32\rsaenh.dll
0x00007fff5a890000 - 0x00007fff5a8b8000 	C:\WINDOWS\SYSTEM32\USERENV.dll
0x00007fff5a9f0000 - 0x00007fff5a9fc000 	C:\WINDOWS\SYSTEM32\CRYPTBASE.dll
0x00007fff59d20000 - 0x00007fff59d4d000 	C:\WINDOWS\SYSTEM32\IPHLPAPI.DLL
0x00007fff5cf50000 - 0x00007fff5cf59000 	C:\WINDOWS\System32\NSI.dll
0x00007fff542c0000 - 0x00007fff542c9000 	C:\Program Files\Android\Android Studio\jbr\bin\extnet.dll
0x00007fff541b0000 - 0x00007fff541b8000 	C:\WINDOWS\system32\wshunix.dll

dbghelp: loaded successfully - version: 4.0.5 - missing functions: none
symbol engine: initialized successfully - sym options: 0x614 - pdb path: .;C:\Program Files\Android\Android Studio\jbr\bin;C:\WINDOWS\SYSTEM32;C:\WINDOWS\WinSxS\amd64_microsoft.windows.common-controls_6595b64144ccf1df_6.0.22621.4541_none_2710d1c57384c085;C:\Program Files\Android\Android Studio\jbr\bin\server;C:\Users\iarle\.gradle\native\c067742578af261105cb4f569cf0c3c89f3d7b1fecec35dd04571415982c5e48\windows-amd64;C:\Users\iarle\.gradle\native\100fb08df4bc3b14c8652ba06237920a3bd2aa13389f12d3474272988ae205f9\windows-amd64

VM Arguments:
jvm_args: --add-opens=java.base/java.util=ALL-UNNAMED --add-opens=java.base/java.lang=ALL-UNNAMED --add-opens=java.base/java.lang.invoke=ALL-UNNAMED --add-opens=java.prefs/java.util.prefs=ALL-UNNAMED --add-exports=jdk.compiler/com.sun.tools.javac.api=ALL-UNNAMED --add-exports=jdk.compiler/com.sun.tools.javac.util=ALL-UNNAMED --add-opens=java.base/java.nio.charset=ALL-UNNAMED --add-opens=java.base/java.net=ALL-UNNAMED --add-opens=java.base/java.util.concurrent.atomic=ALL-UNNAMED -Xmx2048m -Dfile.encoding=UTF-8 -Duser.country=BR -Duser.language=pt -Duser.variant -javaagent:C:\Users\iarle\.gradle\wrapper\dists\gradle-8.10.2-bin\a04bxjujx95o3nb99gddekhwo\gradle-8.10.2\lib\agents\gradle-instrumentation-agent-8.10.2.jar 
java_command: org.gradle.launcher.daemon.bootstrap.GradleDaemon 8.10.2
java_class_path (initial): C:\Users\iarle\.gradle\wrapper\dists\gradle-8.10.2-bin\a04bxjujx95o3nb99gddekhwo\gradle-8.10.2\lib\gradle-daemon-main-8.10.2.jar
Launcher Type: SUN_STANDARD

[Global flags]
     intx CICompilerCount                          = 3                                         {product} {ergonomic}
     uint ConcGCThreads                            = 1                                         {product} {ergonomic}
     uint G1ConcRefinementThreads                  = 4                                         {product} {ergonomic}
   size_t G1HeapRegionSize                         = 1048576                                   {product} {ergonomic}
    uintx GCDrainStackTargetSize                   = 64                                        {product} {ergonomic}
   size_t InitialHeapSize                          = 134217728                                 {product} {ergonomic}
   size_t MarkStackSize                            = 4194304                                   {product} {ergonomic}
   size_t MaxHeapSize                              = 2147483648                                {product} {command line}
   size_t MaxNewSize                               = 1287651328                                {product} {ergonomic}
   size_t MinHeapDeltaBytes                        = 1048576                                   {product} {ergonomic}
   size_t MinHeapSize                              = 8388608                                   {product} {ergonomic}
    uintx NonNMethodCodeHeapSize                   = 5832780                                {pd product} {ergonomic}
    uintx NonProfiledCodeHeapSize                  = 122912730                              {pd product} {ergonomic}
    uintx ProfiledCodeHeapSize                     = 122912730                              {pd product} {ergonomic}
    uintx ReservedCodeCacheSize                    = 251658240                              {pd product} {ergonomic}
     bool SegmentedCodeCache                       = true                                      {product} {ergonomic}
   size_t SoftMaxHeapSize                          = 2147483648                             {manageable} {ergonomic}
     bool UseCompressedOops                        = true                           {product lp64_product} {ergonomic}
     bool UseG1GC                                  = true                                      {product} {ergonomic}
     bool UseLargePagesIndividualAllocation        = false                                  {pd product} {ergonomic}

Logging:
Log output configuration:
 #0: stdout all=warning uptime,level,tags foldmultilines=false
 #1: stderr all=off uptime,level,tags foldmultilines=false

Environment Variables:
PATH=C:\Program Files\Common Files\Oracle\Java\javapath;C:\Program Files (x86)\Common Files\Oracle\Java\java8path;C:\Program Files (x86)\Common Files\Oracle\Java\javapath;C:\WINDOWS\system32;C:\WINDOWS;C:\WINDOWS\System32\Wbem;C:\WINDOWS\System32\WindowsPowerShell\v1.0\;C:\WINDOWS\System32\OpenSSH\;C:\Program Files\MySQL\MySQL Shell 8.0\bin\;C:\Users\iarle\AppData\Local\Microsoft\WindowsApps;C:\Users\iarle\AppData\Local\Programs\Microsoft VS Code\bin
USERNAME=iarle
OS=Windows_NT
PROCESSOR_IDENTIFIER=Intel64 Family 6 Model 58 Stepping 9, GenuineIntel
TMP=C:\Users\iarle\AppData\Local\Temp
TEMP=C:\Users\iarle\AppData\Local\Temp




Periodic native trim disabled

JNI global refs:
JNI global refs: 25, weak refs: 0

JNI global refs memory usage: 835, weak refs: 833

Process memory usage:
Resident Set Size: 268292K (3% of 8349636K total physical memory with 285720K free physical memory)

OOME stack traces (most recent first):
Classloader memory used:
Loader org.gradle.internal.classloader.VisitableURLClassLoader                         : 27585K
Loader bootstrap                                                                       : 22533K
Loader org.gradle.initialization.MixInLegacyTypesClassLoader                           : 6368K
Loader org.gradle.internal.classloader.VisitableURLClassLoader                         : 714K
Loader org.gradle.internal.classloader.VisitableURLClassLoader$InstrumentingVisitableURLClassLoader: 569K
Loader jdk.internal.loader.ClassLoaders$PlatformClassLoader                            : 542K
Loader jdk.internal.loader.ClassLoaders$AppClassLoader                                 : 234K
Loader jdk.internal.reflect.DelegatingClassLoader                                      : 204K
Loader org.gradle.groovy.scripts.internal.DefaultScriptCompilationHandler$ScriptClassLoader: 89880B
Loader org.codehaus.groovy.runtime.callsite.CallSiteClassLoader                        : 49592B

Classes loaded by more than one classloader:
Class org.gradle.api.GradleException                                                  : loaded 3 times (x 78B)
Class org.gradle.internal.classloader.ClassLoaderHierarchy                            : loaded 2 times (x 66B)
Class org.gradle.api.internal.classpath.ManifestUtil                                  : loaded 2 times (x 67B)
Class org.gradle.internal.operations.MultipleBuildOperationFailures                   : loaded 2 times (x 91B)
Class org.gradle.internal.classloader.DefaultClassLoaderFactory                       : loaded 2 times (x 78B)
Class kotlin.collections.AbstractList$Companion                                       : loaded 2 times (x 67B)
Class org.gradle.internal.classloader.ClassLoaderVisitor                              : loaded 2 times (x 72B)
Class org.gradle.api.internal.classpath.EffectiveClassPath                            : loaded 2 times (x 86B)
Class org.gradle.api.internal.DefaultClassPathProvider                                : loaded 2 times (x 72B)
Class [Lorg.gradle.api.internal.ClassPathProvider;                                    : loaded 2 times (x 65B)
Class org.gradle.api.internal.ClassPathProvider                                       : loaded 2 times (x 66B)
Class org.gradle.internal.service.UnknownServiceException                             : loaded 2 times (x 79B)
Class org.gradle.internal.classpath.TransformedClassPath                              : loaded 2 times (x 92B)
Class org.gradle.internal.classloader.InstrumentingClassLoader                        : loaded 2 times (x 66B)
Class kotlin.enums.EnumEntriesList                                                    : loaded 2 times (x 219B)
Class org.gradle.internal.service.ServiceLocator                                      : loaded 2 times (x 66B)
Class ijInit1_2h742seso95z49rkbsrs2o8ut                                               : loaded 2 times (x 175B)
Class org.gradle.internal.InternalTransformer                                         : loaded 2 times (x 66B)
Class org.gradle.internal.time.DefaultTimer                                           : loaded 2 times (x 76B)
Class org.gradle.internal.classloader.ClasspathUtil$1                                 : loaded 2 times (x 72B)
Class org.gradle.api.internal.classpath.DefaultModuleRegistry$DefaultModule           : loaded 2 times (x 82B)
Class org.gradle.internal.time.DefaultCountdownTimer                                  : loaded 2 times (x 84B)
Class kotlin.Function                                                                 : loaded 2 times (x 66B)
Class org.gradle.api.internal.classpath.Module                                        : loaded 2 times (x 66B)
Class org.gradle.api.internal.classpath.UnknownModuleException                        : loaded 2 times (x 78B)
Class org.gradle.api.internal.DefaultClassPathRegistry                                : loaded 2 times (x 72B)
Class org.gradle.api.internal.ClassPathRegistry                                       : loaded 2 times (x 66B)
Class org.gradle.internal.classpath.DefaultClassPath$ImmutableUniqueList              : loaded 2 times (x 195B)
Class org.gradle.internal.classpath.ClassPath                                         : loaded 2 times (x 66B)
Class org.gradle.api.UncheckedIOException                                             : loaded 2 times (x 78B)
Class kotlin.UninitializedPropertyAccessException                                     : loaded 2 times (x 78B)
Class org.gradle.internal.installation.GradleInstallation$1                           : loaded 2 times (x 71B)
Class org.gradle.api.internal.classpath.ModuleRegistry                                : loaded 2 times (x 66B)
Class org.gradle.api.internal.classpath.DefaultModuleRegistry                         : loaded 2 times (x 82B)
Class org.gradle.internal.time.MonotonicClock                                         : loaded 2 times (x 73B)
Class org.gradle.internal.service.ServiceLookupException                              : loaded 2 times (x 78B)
Class org.gradle.internal.classloader.ClassLoaderFactory                              : loaded 2 times (x 66B)
Class org.gradle.internal.service.CachingServiceLocator                               : loaded 2 times (x 78B)
Class org.gradle.internal.time.TimeSource                                             : loaded 2 times (x 66B)
Class kotlin.enums.EnumEntries                                                        : loaded 2 times (x 66B)
Class org.gradle.internal.exceptions.ResolutionProvider                               : loaded 2 times (x 66B)
Class sync_studio_tooling2_427wby4f7b9naobi4uza9igjy                                  : loaded 2 times (x 175B)
Class org.gradle.internal.classloader.ClasspathUtil                                   : loaded 2 times (x 67B)
Class org.gradle.internal.time.TimeSource$1                                           : loaded 2 times (x 73B)
Class org.gradle.api.specs.Spec                                                       : loaded 2 times (x 66B)
Class org.gradle.internal.time.Clock                                                  : loaded 2 times (x 66B)
Class kotlin.collections.AbstractList                                                 : loaded 2 times (x 193B)
Class kotlin.collections.AbstractCollection                                           : loaded 2 times (x 113B)
Class org.gradle.internal.classloader.VisitableURLClassLoader$InstrumentingVisitableURLClassLoader: loaded 2 times (x 119B)
Class org.gradle.internal.classloader.VisitableURLClassLoader$Spec                    : loaded 2 times (x 70B)
Class org.gradle.internal.classpath.DefaultClassPath                                  : loaded 2 times (x 86B)
Class org.gradle.internal.classloader.ClassLoaderSpec                                 : loaded 2 times (x 67B)
Class org.gradle.internal.classloader.VisitableURLClassLoader                         : loaded 2 times (x 113B)
Class org.gradle.internal.Cast                                                        : loaded 2 times (x 67B)
Class org.gradle.api.Action                                                           : loaded 2 times (x 66B)
Class kotlin.jvm.functions.Function1                                                  : loaded 2 times (x 66B)
Class org.gradle.internal.classpath.DefaultClassPath$ImmutableUniqueList$Builder      : loaded 2 times (x 71B)
Class org.gradle.internal.classloader.FilteringClassLoader                            : loaded 2 times (x 101B)
Class org.gradle.internal.exceptions.NonGradleCauseExceptionsHolder                   : loaded 2 times (x 66B)
Class kotlin.enums.EnumEntriesKt                                                      : loaded 2 times (x 67B)
Class org.gradle.internal.IoActions                                                   : loaded 2 times (x 67B)
Class org.gradle.internal.classloader.SystemClassLoaderSpec                           : loaded 2 times (x 67B)
Class org.gradle.internal.exceptions.MultiCauseException                              : loaded 2 times (x 66B)
Class org.gradle.internal.time.CountdownTimer                                         : loaded 2 times (x 66B)
Class kotlin.jvm.internal.Intrinsics                                                  : loaded 2 times (x 67B)
Class org.gradle.tooling.model.ProjectModel                                           : loaded 2 times (x 66B)
Class kotlin.KotlinNullPointerException                                               : loaded 2 times (x 79B)
Class org.gradle.internal.exceptions.DefaultMultiCauseException                       : loaded 2 times (x 91B)
Class org.gradle.internal.time.Time                                                   : loaded 2 times (x 67B)
Class org.gradle.api.internal.classpath.GlobalCacheRootsProvider                      : loaded 2 times (x 66B)
Class org.gradle.internal.time.Timer                                                  : loaded 2 times (x 66B)
Class kotlin.jvm.internal.markers.KMappedMarker                                       : loaded 2 times (x 66B)
Class org.gradle.internal.installation.CurrentGradleInstallationLocator               : loaded 2 times (x 67B)
Class org.gradle.internal.service.DefaultServiceLocator                               : loaded 2 times (x 79B)
Class org.gradle.util.GradleVersion                                                   : loaded 2 times (x 79B)
Class org.gradle.internal.installation.CurrentGradleInstallation                      : loaded 2 times (x 69B)
Class org.gradle.util.internal.GUtil                                                  : loaded 2 times (x 67B)
Class org.gradle.internal.installation.GradleInstallation                             : loaded 2 times (x 71B)

---------------  S Y S T E M  ---------------

OS:
 Windows 11 , 64 bit Build 22621 (10.0.22621.4391)
OS uptime: 2 days 11:19 hours

CPU: total 4 (initial active 4) (4 cores per cpu, 1 threads per core) family 6 model 58 stepping 9 microcode 0x21, cx8, cmov, fxsr, mmx, sse, sse2, sse3, ssse3, sse4.1, sse4.2, popcnt, tsc, tscinvbit, avx, aes, erms, clmul, vzeroupper, clflush, rdtscp, f16c
Processor Information for all 4 processors :
  Max Mhz: 3401, Current Mhz: 3401, Mhz Limit: 3401

Memory: 4k page, system-wide physical 8153M (284M free)
TotalPageFile size 18318M (AvailPageFile size 3M)
current process WorkingSet (physical memory assigned to process): 262M, peak: 267M
current process commit charge ("private bytes"): 294M, peak: 298M

vm_info: OpenJDK 64-Bit Server VM (21.0.4+-12508038-b607.1) for windows-amd64 JRE (21.0.4+-12508038-b607.1), built on 2024-10-16T17:23:34Z by "builder" with MS VC++ 16.10 / 16.11 (VS2019)

END.
